2025-12-26 12:55:34+0800 | INFO | client.personal_assistant | event=discovery_request base_url=https://www.ioa.pub/discovery/api/discovery/ agents=[{'name': 'outline_writer', 'query': '分镜大纲', 'limit': 1}]
2025-12-26 12:55:39+0800 | INFO | client.personal_assistant | event=discovery_response agent=outline_writer query=分镜大纲 url=http://13.236.177.52:8032/outline_writer
2025-12-26 12:57:17+0800 | INFO | client.personal_assistant | event=discovery_request base_url=https://www.ioa.pub/discovery/api/discovery/ agents=[{'name': 'outline_writer', 'query': '分镜大纲', 'limit': 1}]
2025-12-26 12:57:20+0800 | INFO | client.personal_assistant | event=discovery_response agent=outline_writer query=分镜大纲 url=http://13.236.177.52:8032/outline_writer
2025-12-26 22:30:08+0800 | INFO | client.personal_assistant | event=discovery_request base_url=https://www.ioa.pub/discovery/api/discovery/ agents=[{'name': 'outline_writer', 'query': '分镜大纲', 'limit': 1}]
2025-12-26 22:30:12+0800 | INFO | client.personal_assistant | event=discovery_response agent=outline_writer query=分镜大纲 url=http://13.236.177.52:8032/outline_writer
2025-12-26 22:30:59+0800 | INFO | client.personal_assistant | event=discovery_request base_url=https://www.ioa.pub/discovery/api/discovery/ agents=[{'name': 'outline_writer', 'query': '分镜大纲', 'limit': 1}]
2025-12-26 22:31:03+0800 | INFO | client.personal_assistant | event=discovery_response agent=outline_writer query=分镜大纲 url=http://13.236.177.52:8032/outline_writer
2025-12-26 22:32:09+0800 | INFO | client.personal_assistant | event=discovery_request base_url=https://www.ioa.pub/discovery/api/discovery/ agents=[{'name': 'outline_writer', 'query': '分镜大纲', 'limit': 1}]
2025-12-26 22:32:13+0800 | INFO | client.personal_assistant | event=discovery_response agent=outline_writer query=分镜大纲 url=http://13.236.177.52:8032/outline_writer
2025-12-26 22:32:52+0800 | INFO | client.personal_assistant | event=discovery_request base_url=https://www.ioa.pub/discovery/api/discovery/ agents=[{'name': 'outline_writer', 'query': '分镜大纲', 'limit': 1}]
2025-12-26 22:32:55+0800 | INFO | client.personal_assistant | event=discovery_response agent=outline_writer query=分镜大纲 url=http://13.236.177.52:8032/outline_writer
2026-01-09 14:16:24+0800 | INFO | client.personal_assistant | event=cli_start session_id=session-ec4d8d41-afbc-4c10-800f-8831f7ecd0ea
2026-01-09 14:17:50+0800 | INFO | client.personal_assistant | event=cli_start session_id=session-ddb72553-d82b-4a5f-8904-9e1a823b05ed
2026-01-09 14:19:28+0800 | INFO | client.personal_assistant | event=cli_start session_id=session-5f01947c-840e-4350-a874-df2165fc8525
2026-01-09 14:21:06+0800 | INFO | client.personal_assistant | event=cli_start session_id=session-64bdf55e-0587-46d3-93d8-479097fd1476
2026-01-09 14:22:05+0800 | INFO | client.personal_assistant | event=cli_start session_id=session-3364def9-415d-40ac-840e-0a031c1fca7b
2026-01-09 15:01:48+0800 | INFO | client.personal_assistant | event=cli_start session_id=session-09713545-5104-49cc-bb90-c6d34bf9b7ef
2026-01-09 15:02:29+0800 | INFO | client.personal_assistant | event=cli_start session_id=session-122fdc2a-b662-4389-b0fc-a80189663f33
2026-01-09 15:07:48+0800 | INFO | client.personal_assistant | event=cli_start session_id=session-74f2fd9b-d290-48b4-af64-673b2e6a6ddf
2026-01-10 11:32:52+0800 | INFO | client.personal_assistant | event=cli_start session_id=session-7efcff4e-5996-465c-a19b-376b5b5647f8
2026-01-10 11:42:39+0800 | INFO | client.personal_assistant | event=cli_start session_id=session-2582b464-a328-479c-bf98-8666906547d6
2026-01-11 18:22:22+0800 | INFO | client.personal_assistant | event=cli_start session_id=session-3078e003-240a-4853-b552-ee056c46e0c8
2026-01-11 18:23:07+0800 | INFO | client.personal_assistant | event=cli_start session_id=session-4fc077b1-8da8-4cbf-8a35-5ccd4bb31547
2026-01-11 18:29:31+0800 | INFO | client.personal_assistant | event=cli_start session_id=session-9d8724c9-b700-4649-a309-db8f9d4fd3d9
2026-01-11 20:09:40+0800 | INFO | client.personal_assistant | event=cli_start session_id=session-054dfa4e-16e9-4ea9-9af9-dab5dd54db42
2026-01-11 20:13:42+0800 | INFO | client.personal_assistant | event=cli_start session_id=session-6f7f138a-7778-468f-a8c2-7f2ddec03209
2026-01-11 20:24:44+0800 | INFO | client.personal_assistant | event=cli_start session_id=session-476a4536-5051-413a-a500-b3ae3604d4f1
2026-01-11 20:27:06+0800 | INFO | client.personal_assistant | event=cli_start session_id=session-d601bc1d-e67f-459c-8cc5-de550540b34a
2026-01-11 22:23:54+0800 | INFO | client.personal_assistant | event=cli_start session_id=session-77dd3d54-d3b6-432f-96db-81a440afabc1
2026-01-11 22:25:41+0800 | INFO | client.personal_assistant | event=cli_start session_id=session-59b0b507-9340-4a21-898c-3340e9df2d4c
2026-01-11 22:39:04+0800 | INFO | client.personal_assistant | event=cli_start session_id=session-11f9093d-1c40-4350-bbae-41719d904d15
2026-01-11 22:40:38+0800 | INFO | client.personal_assistant | event=cli_start session_id=session-88637c56-8b0d-4204-9143-1f3dc1f91da3
2026-01-11 22:49:17+0800 | INFO | client.personal_assistant | event=cli_start session_id=session-1dd5039c-1220-436f-b3bd-67a8e04228df
2026-01-11 22:50:02+0800 | INFO | client.personal_assistant | event=cli_start session_id=session-25815d91-4bf9-4b4e-b077-a6bfd5eec16f
2026-01-11 22:51:53+0800 | INFO | client.personal_assistant | event=cli_start session_id=session-354de545-3fb5-46c3-af01-90395e2d25de
2026-01-12 09:16:25+0800 | INFO | client.personal_assistant | event=cli_start session_id=session-5028c3af-db9d-48f1-ad09-200923c32712
2026-01-12 09:17:28+0800 | INFO | client.personal_assistant | event=cli_start session_id=session-ed50a1f1-d472-425d-bf36-eaf4e6ad3897
2026-01-12 09:24:46+0800 | INFO | client.personal_assistant | event=cli_start session_id=session-e5b4a99a-3e7a-475b-a945-b2d64aac2dab
2026-01-12 09:39:44+0800 | INFO | client.personal_assistant | event=cli_start session_id=session-77cec618-caf7-433a-bc49-a5bece1fd8ec
2026-01-12 10:19:03+0800 | INFO | client.personal_assistant | event=cli_start session_id=session-00db9e30-e707-424f-9256-03ccca3baff5
2026-01-12 10:23:19+0800 | INFO | client.personal_assistant | event=cli_start session_id=session-bf013b81-a512-4d3f-ba69-58060d716486
2026-01-12 10:28:01+0800 | INFO | client.personal_assistant | event=cli_start session_id=session-44961a3a-b621-45e6-9ab8-7586c7437432
2026-01-12 10:32:27+0800 | INFO | client.personal_assistant | event=cli_start session_id=session-a7af6cec-c3cc-4a73-81e0-226d92df0488
2026-01-12 10:55:19+0800 | INFO | client.personal_assistant | event=cli_start session_id=session-87c2680b-d43b-47ad-be46-c0e938345886
2026-01-12 10:56:49+0800 | INFO | client.personal_assistant | event=cli_start session_id=session-c5f54ccc-9a4d-4f8b-b8cb-dcc24d0bfd7c
2026-01-12 11:12:43+0800 | INFO | client.personal_assistant | event=cli_start session_id=session-a6ac7357-8036-49fd-9a84-a81e1b721a7f
2026-01-12 17:18:14+0800 | INFO | client.personal_assistant | event=cli_start session_id=session-b1dd4dc9-85b7-427b-b38a-ed9757140c66
2026-01-12 17:19:54+0800 | INFO | client.personal_assistant | event=cli_start session_id=session-efa45ada-02c9-453e-96e3-15f1803ade64
2026-01-12 17:24:41+0800 | INFO | client.personal_assistant | event=cli_start session_id=session-cd31f0f6-cccc-4ae6-b498-c58251427058
2026-01-12 17:26:45+0800 | INFO | client.personal_assistant | event=cli_start session_id=session-bd325dcd-4c08-4c59-a0fc-c6f421bcba46
2026-01-12 17:27:26+0800 | INFO | client.personal_assistant | event=cli_start session_id=session-75bbc931-c444-468e-9860-2b03b11029b0
2026-01-12 17:28:20+0800 | INFO | client.personal_assistant | event=cli_start session_id=session-6f0470a7-3281-4aa4-a728-9f9b31095703
2026-01-12 17:33:31+0800 | INFO | client.personal_assistant | event=cli_start session_id=session-97d85261-5e78-413a-9020-5aef392f5d05
2026-01-12 17:39:15+0800 | INFO | client.personal_assistant | event=cli_start session_id=session-b3c9f265-036e-4913-a32f-5cde9e320735
2026-01-12 17:42:02+0800 | INFO | client.personal_assistant | event=cli_start session_id=session-a71dec83-7391-444c-a1a7-b71cd756e844
2026-01-12 17:44:43+0800 | INFO | client.personal_assistant | event=cli_start session_id=session-e0ed33d5-6349-420e-bcc8-782ee755d19e
2026-01-12 19:36:27+0800 | INFO | client.personal_assistant | event=cli_start session_id=session-ea9f6de3-bd03-4fb9-973e-415df5f3c9e7
2026-01-12 19:37:26+0800 | INFO | client.personal_assistant | event=cli_start session_id=session-2ebe4711-c9a9-41f6-af45-e4ad34dce1ed
2026-01-12 19:56:43+0800 | INFO | client.personal_assistant | event=cli_start session_id=session-ab52defd-2b46-4e1a-993f-dd3a461bab01
2026-01-12 19:57:50+0800 | INFO | client.personal_assistant | event=cli_start session_id=session-76f5d204-7931-4ed6-b359-5c07e2df04bf
2026-01-13 10:58:20+0800 | INFO | client.personal_assistant | event=cli_start session_id=session-6c8d2b17-6a47-41de-8b7f-9f22384a9d55
2026-01-13 10:59:57+0800 | INFO | client.personal_assistant | event=cli_start session_id=session-e1e041ed-303d-4979-b560-dc0bbe78fce1
2026-01-13 11:03:00+0800 | INFO | client.personal_assistant | event=cli_start session_id=session-ea3fcab1-6c03-49cd-b4fc-239db9419415
2026-01-13 11:23:33+0800 | INFO | client.personal_assistant | event=cli_start session_id=session-1dfb7f3d-0ce8-4135-95d4-8f84f03eb0f6
2026-01-13 11:24:12+0800 | INFO | client.personal_assistant | event=cli_start session_id=session-b246a23b-a2c8-4e3b-a655-a8c81f98d999
2026-01-13 11:25:22+0800 | INFO | client.personal_assistant | event=cli_start session_id=session-1223dcc6-b68c-44bc-90d7-1824a0253aef
2026-01-13 11:31:32+0800 | INFO | client.personal_assistant | event=cli_start session_id=session-16f38e66-dbe4-4b6c-a033-167ded08a97a
2026-01-13 11:32:05+0800 | INFO | client.personal_assistant | event=cli_start session_id=session-ee3d79fb-ec84-4034-bdd6-b137299cf006
2026-01-13 11:34:48+0800 | INFO | client.personal_assistant | event=cli_start session_id=session-9b9652c6-e6ce-4bbb-acd6-55f551bea5f7
2026-01-13 11:47:28+0800 | INFO | client.personal_assistant | event=cli_start session_id=session-cb54bd0f-4179-4fbd-afd9-49d02be3cb49
2026-01-13 11:48:03+0800 | INFO | client.personal_assistant | event=cli_start session_id=session-b21d9481-a8d0-4955-9a86-4cb1fc761e73
2026-01-13 16:26:41+0800 | INFO | client.personal_assistant | event=cli_start session_id=session-eff5db08-9d03-461e-93c8-a55b929a1be1
2026-01-13 16:29:36+0800 | INFO | client.personal_assistant | event=cli_start session_id=session-5e1b905d-89e0-4015-aa45-51cd58e32a19
2026-01-13 16:32:33+0800 | INFO | client.personal_assistant | event=cli_start session_id=session-9dcbd85d-a5b1-4ce3-9094-49c613debc6b
2026-01-13 16:41:42+0800 | INFO | client.personal_assistant | event=cli_start session_id=session-35838786-fcc7-4f8a-af4f-3d882b70cc40
2026-01-13 17:33:02+0800 | INFO | client.personal_assistant | event=cli_start session_id=session-7366f312-33b8-4828-8681-6e26a26cd922
2026-01-13 17:41:26+0800 | INFO | client.personal_assistant | event=cli_start session_id=session-ffb23c3e-63cb-472a-bfed-4a4524fc60ee
2026-01-13 17:45:51+0800 | INFO | client.personal_assistant | event=cli_start session_id=session-a35f546a-dcba-4460-a318-c2b78f1898f3
2026-01-13 17:55:35+0800 | INFO | client.personal_assistant | event=cli_start session_id=session-b42d1f06-b8e0-4da8-9425-127da730ad9e
2026-01-13 17:59:51+0800 | INFO | client.personal_assistant | event=cli_start session_id=session-280e8186-82f1-40c9-93e4-1cc5180f6623
2026-01-14 09:29:41+0800 | INFO | client.personal_assistant | event=cli_start session_id=session-50ca2883-f341-4966-8a6e-7c8a677ff585 user=czx
2026-01-14 09:33:09+0800 | INFO | client.personal_assistant | event=cli_start session_id=session-02dab49e-5da5-4126-8efd-1f70454090c1 user=czx
2026-01-14 09:35:10+0800 | INFO | client.personal_assistant | event=cli_start session_id=session-717291a4-5cf7-4437-a10a-513ee6e9b402 user=czx
2026-01-14 09:36:08+0800 | INFO | client.personal_assistant | event=cli_start session_id=session-3b564323-5081-45ce-9f36-f98dae9feba3 user=czx
2026-01-14 09:38:13+0800 | INFO | client.personal_assistant | event=cli_start session_id=session-9e3a2cb1-c818-449f-8789-d624d6a5a408 user=czx
2026-01-14 09:44:53+0800 | INFO | client.personal_assistant | event=cli_start session_id=session-81c817e7-8f8e-4703-b93d-6cc93d9bbd6f user=czx
2026-01-14 10:01:58+0800 | INFO | client.personal_assistant | event=cli_start session_id=session-8c368247-c70a-45a4-a8c6-5c404baae45b user=czx
2026-01-14 10:06:01+0800 | INFO | client.personal_assistant | event=cli_start session_id=session-e2c55015-64d7-4f4c-ba15-526057acb5c7 user=czx
2026-01-14 10:17:17+0800 | INFO | client.personal_assistant | event=cli_start session_id=session-5096f259-95f4-4974-9b4b-f029a84f8285 user=czx
2026-01-14 10:20:27+0800 | INFO | client.personal_assistant | event=cli_start session_id=session-f39cb2d7-8d8a-49c9-ae18-bbc6d7fdcfe1 user=czx
2026-01-14 10:24:43+0800 | INFO | client.personal_assistant | event=cli_start session_id=session-22159b0b-15e0-4088-bb01-f4152fd38b03 user=czx
2026-01-14 10:25:22+0800 | INFO | client.personal_assistant | event=cli_start session_id=session-88baa996-7882-452e-93f0-899c5d24df92 user=czx
2026-01-14 10:32:22+0800 | INFO | client.personal_assistant | event=cli_start session_id=session-07a4841c-fbfa-40b8-b6b7-df5135920af6 user=czx
2026-01-14 10:57:56+0800 | INFO | client.personal_assistant | event=cli_start session_id=session-4dc1f239-8e65-43c9-88ff-59b9884dccaf user=czx
2026-01-14 11:57:47+0800 | INFO | client.personal_assistant | event=cli_start session_id=session-f955a7cf-209c-4129-98aa-53d3613247f6 user=czx
2026-01-14 16:06:09+0800 | INFO | client.personal_assistant | event=cli_start session_id=session-f955a7cf-209c-4129-98aa-53d3613247f6 user=czx
2026-01-14 16:13:43+0800 | INFO | client.personal_assistant | event=cli_start session_id=session-f955a7cf-209c-4129-98aa-53d3613247f6 user=czx
2026-01-14 16:15:02+0800 | INFO | client.personal_assistant | event=cli_start session_id=session-f955a7cf-209c-4129-98aa-53d3613247f6 user=czx
2026-01-14 16:19:04+0800 | INFO | client.personal_assistant | event=cli_start session_id=session-f955a7cf-209c-4129-98aa-53d3613247f6 user=czx
2026-01-14 21:05:51+0800 | INFO | client.personal_assistant | event=cli_start session_id=session-c9afa0f2-5525-4997-b672-6799580007d5 user=czx
2026-01-14 21:15:14+0800 | INFO | client.personal_assistant | event=cli_start session_id=session-b7dfa2e5-a067-49b1-8ffb-ff4c629adcb4 user=czx
2026-01-14 21:17:42+0800 | INFO | client.personal_assistant | event=cli_start session_id=session-7324d28f-f1d5-47f3-b483-fe5e8b04a0fb user=czx
2026-01-15 09:00:32+0800 | INFO | client.personal_assistant | event=cli_start session_id=session-469f6f3c-9fa5-47a7-ab17-f4a2e05eca81 user=czx
2026-01-15 09:04:07+0800 | INFO | client.personal_assistant | event=cli_start session_id=session-469f6f3c-9fa5-47a7-ab17-f4a2e05eca81 user=czx
2026-01-15 09:05:50+0800 | INFO | client.personal_assistant | event=cli_start session_id=session-469f6f3c-9fa5-47a7-ab17-f4a2e05eca81 user=czx
2026-01-15 09:10:37+0800 | INFO | client.personal_assistant | event=cli_start session_id=session-469f6f3c-9fa5-47a7-ab17-f4a2e05eca81 user=czx
2026-01-15 09:17:16+0800 | INFO | client.personal_assistant | event=cli_start session_id=session-469f6f3c-9fa5-47a7-ab17-f4a2e05eca81 user=czx
2026-01-15 09:20:15+0800 | INFO | client.personal_assistant | event=cli_start session_id=session-469f6f3c-9fa5-47a7-ab17-f4a2e05eca81 user=czx
2026-01-15 09:25:18+0800 | INFO | client.personal_assistant | event=cli_start session_id=session-469f6f3c-9fa5-47a7-ab17-f4a2e05eca81 user=czx
2026-01-15 09:27:17+0800 | INFO | client.personal_assistant | event=cli_start session_id=session-469f6f3c-9fa5-47a7-ab17-f4a2e05eca81 user=czx
2026-01-15 09:48:08+0800 | INFO | client.personal_assistant | event=cli_start session_id=session-469f6f3c-9fa5-47a7-ab17-f4a2e05eca81 user=czx
2026-01-15 09:52:15+0800 | INFO | client.personal_assistant | event=cli_start session_id=session-469f6f3c-9fa5-47a7-ab17-f4a2e05eca81 user=czx
2026-01-15 10:03:06+0800 | INFO | client.personal_assistant | event=cli_start session_id=session-469f6f3c-9fa5-47a7-ab17-f4a2e05eca81 user=czx
2026-01-15 10:09:32+0800 | INFO | client.personal_assistant | event=cli_start session_id=session-469f6f3c-9fa5-47a7-ab17-f4a2e05eca81 user=czx
2026-01-15 10:13:52+0800 | INFO | client.personal_assistant | event=cli_start session_id=session-469f6f3c-9fa5-47a7-ab17-f4a2e05eca81 user=czx
2026-01-15 10:15:58+0800 | INFO | client.personal_assistant | event=cli_start session_id=session-469f6f3c-9fa5-47a7-ab17-f4a2e05eca81 user=czx
